<?xml version="1.0" encoding="UTF-8"?>
<<<<<<< HEAD
<testsuite name="com.example.mspr.ExampleUnitTest" tests="1" skipped="0" failures="0" errors="0" timestamp="2020-04-13T10:45:42" hostname="DESKTOP-B8STKG0" time="0.0">
=======
<testsuite name="com.example.mspr.ExampleUnitTest" tests="1" skipped="0" failures="0" errors="0" timestamp="2020-04-13T11:05:27" hostname="DESKTOP-B8STKG0" time="0.001">
>>>>>>> devAppliMobile
  <properties/>
  <testcase name="test_REQUEST_IMAGE_CAPTURE" classname="com.example.mspr.ExampleUnitTest" time="0.0"/>
  <system-out><![CDATA[]]></system-out>
  <system-err><![CDATA[]]></system-err>
</testsuite>
